<?xml version="1.0" encoding="UTF-8"?>
<coverage generated="1681738119980" clover="3.2.0">
  <project timestamp="1681738119980" name="All files">
    <metrics statements="21" coveredstatements="20" conditionals="13" coveredconditionals="11" methods="5" coveredmethods="5" elements="39" coveredelements="36" complexity="0" loc="21" ncloc="21" packages="1" files="3" classes="3"/>
    <file name="format.js" path="/home/memnaya/Desktop/projects/frontend-project-46/src/format.js">
      <metrics statements="7" coveredstatements="7" conditionals="3" coveredconditionals="2" methods="2" coveredmethods="2"/>
      <line num="4" count="1" type="stmt"/>
      <line num="5" count="1" type="stmt"/>
      <line num="6" count="1" type="cond" truecount="1" falsecount="1"/>
      <line num="7" count="1" type="stmt"/>
      <line num="8" count="6" type="stmt"/>
      <line num="9" count="6" type="stmt"/>
      <line num="12" count="1" type="stmt"/>
    </file>
    <file name="getDifference.js" path="/home/memnaya/Desktop/projects/frontend-project-46/src/getDifference.js">
      <metrics statements="13" coveredstatements="12" conditionals="10" coveredconditionals="9" methods="2" coveredmethods="2"/>
      <line num="5" count="1" type="stmt"/>
      <line num="6" count="1" type="stmt"/>
      <line num="8" count="1" type="stmt"/>
      <line num="9" count="1" type="stmt"/>
      <line num="10" count="1" type="stmt"/>
      <line num="11" count="1" type="stmt"/>
      <line num="13" count="1" type="stmt"/>
      <line num="14" count="5" type="cond" truecount="2" falsecount="0"/>
      <line num="15" count="4" type="cond" truecount="2" falsecount="0"/>
      <line num="16" count="2" type="cond" truecount="3" falsecount="1"/>
      <line num="17" count="2" type="cond" truecount="2" falsecount="0"/>
      <line num="19" count="0" type="stmt"/>
      <line num="22" count="1" type="stmt"/>
    </file>
    <file name="sub-function.js" path="/home/memnaya/Desktop/projects/frontend-project-46/src/sub-function.js">
      <metrics statements="1" coveredstatements="1" conditionals="0" coveredconditionals="0" methods="1" coveredmethods="1"/>
      <line num="7" count="2" type="stmt"/>
    </file>
  </project>
</coverage>
