{"/home/memnaya/Desktop/projects/frontend-project-46/src/format.js": {"path":"/home/memnaya/Desktop/projects/frontend-project-46/src/format.js","statementMap":{"0":{"start":{"line":4,"column":15},"end":{"line":4,"column":17}},"1":{"start":{"line":5,"column":15},"end":{"line":5,"column":32}},"2":{"start":{"line":6,"column":2},"end":{"line":11,"column":3}},"3":{"start":{"line":7,"column":4},"end":{"line":10,"column":7}},"4":{"start":{"line":8,"column":6},"end":{"line":8,"column":41}},"5":{"start":{"line":9,"column":6},"end":{"line":9,"column":20}},"6":{"start":{"line":12,"column":2},"end":{"line":12,"column":29}}},"fnMap":{"0":{"name":"(anonymous_0)","decl":{"start":{"line":3,"column":15},"end":{"line":3,"column":16}},"loc":{"start":{"line":3,"column":44},"end":{"line":13,"column":1}},"line":3},"1":{"name":"(anonymous_1)","decl":{"start":{"line":7,"column":13},"end":{"line":7,"column":14}},"loc":{"start":{"line":7,"column":22},"end":{"line":10,"column":5}},"line":7}},"branchMap":{"0":{"loc":{"start":{"line":3,"column":22},"end":{"line":3,"column":39}},"type":"default-arg","locations":[{"start":{"line":3,"column":31},"end":{"line":3,"column":39}}],"line":3},"1":{"loc":{"start":{"line":6,"column":2},"end":{"line":11,"column":3}},"type":"if","locations":[{"start":{"line":6,"column":2},"end":{"line":11,"column":3}},{"start":{},"end":{}}],"line":6}},"s":{"0":1,"1":1,"2":1,"3":1,"4":6,"5":6,"6":1},"f":{"0":1,"1":6},"b":{"0":[1],"1":[1,0]},"_coverageSchema":"1a1c01bbd47fc00a2c39e90264f33305004495a9","hash":"6cd6387f005fb5640fc8cb3631df37ad222ce1c4"}
,"/home/memnaya/Desktop/projects/frontend-project-46/src/getDifference.js": {"path":"/home/memnaya/Desktop/projects/frontend-project-46/src/getDifference.js","statementMap":{"0":{"start":{"line":5,"column":15},"end":{"line":5,"column":36}},"1":{"start":{"line":6,"column":15},"end":{"line":6,"column":36}},"2":{"start":{"line":8,"column":16},"end":{"line":8,"column":33}},"3":{"start":{"line":9,"column":16},"end":{"line":9,"column":33}},"4":{"start":{"line":10,"column":15},"end":{"line":10,"column":36}},"5":{"start":{"line":11,"column":21},"end":{"line":11,"column":35}},"6":{"start":{"line":13,"column":15},"end":{"line":20,"column":8}},"7":{"start":{"line":14,"column":4},"end":{"line":14,"column":70}},"8":{"start":{"line":14,"column":27},"end":{"line":14,"column":70}},"9":{"start":{"line":15,"column":4},"end":{"line":15,"column":70}},"10":{"start":{"line":15,"column":27},"end":{"line":15,"column":70}},"11":{"start":{"line":16,"column":4},"end":{"line":18,"column":5}},"12":{"start":{"line":17,"column":6},"end":{"line":17,"column":146}},"13":{"start":{"line":19,"column":4},"end":{"line":19,"column":22}},"14":{"start":{"line":22,"column":2},"end":{"line":22,"column":14}}},"fnMap":{"0":{"name":"(anonymous_0)","decl":{"start":{"line":4,"column":15},"end":{"line":4,"column":16}},"loc":{"start":{"line":4,"column":41},"end":{"line":23,"column":1}},"line":4},"1":{"name":"(anonymous_1)","decl":{"start":{"line":13,"column":33},"end":{"line":13,"column":34}},"loc":{"start":{"line":13,"column":47},"end":{"line":20,"column":3}},"line":13}},"branchMap":{"0":{"loc":{"start":{"line":14,"column":4},"end":{"line":14,"column":70}},"type":"if","locations":[{"start":{"line":14,"column":4},"end":{"line":14,"column":70}},{"start":{},"end":{}}],"line":14},"1":{"loc":{"start":{"line":15,"column":4},"end":{"line":15,"column":70}},"type":"if","locations":[{"start":{"line":15,"column":4},"end":{"line":15,"column":70}},{"start":{},"end":{}}],"line":15},"2":{"loc":{"start":{"line":16,"column":4},"end":{"line":18,"column":5}},"type":"if","locations":[{"start":{"line":16,"column":4},"end":{"line":18,"column":5}},{"start":{},"end":{}}],"line":16},"3":{"loc":{"start":{"line":16,"column":8},"end":{"line":16,"column":44}},"type":"binary-expr","locations":[{"start":{"line":16,"column":8},"end":{"line":16,"column":24}},{"start":{"line":16,"column":28},"end":{"line":16,"column":44}}],"line":16},"4":{"loc":{"start":{"line":17,"column":13},"end":{"line":17,"column":145}},"type":"cond-expr","locations":[{"start":{"line":17,"column":47},"end":{"line":17,"column":82}},{"start":{"line":17,"column":85},"end":{"line":17,"column":145}}],"line":17}},"s":{"0":1,"1":1,"2":1,"3":1,"4":1,"5":1,"6":1,"7":5,"8":1,"9":4,"10":2,"11":2,"12":2,"13":0,"14":1},"f":{"0":1,"1":5},"b":{"0":[1,4],"1":[2,2],"2":[2,0],"3":[2,2],"4":[1,1]},"_coverageSchema":"1a1c01bbd47fc00a2c39e90264f33305004495a9","hash":"510665b42ff14caca4082185b24f576462c33c2e"}
,"/home/memnaya/Desktop/projects/frontend-project-46/src/sub-function.js": {"path":"/home/memnaya/Desktop/projects/frontend-project-46/src/sub-function.js","statementMap":{"0":{"start":{"line":7,"column":29},"end":{"line":7,"column":104}}},"fnMap":{"0":{"name":"(anonymous_0)","decl":{"start":{"line":7,"column":15},"end":{"line":7,"column":16}},"loc":{"start":{"line":7,"column":29},"end":{"line":7,"column":104}},"line":7}},"branchMap":{},"s":{"0":2},"f":{"0":2},"b":{},"_coverageSchema":"1a1c01bbd47fc00a2c39e90264f33305004495a9","hash":"934c9c0acc6b0ce428bb62f081ab70a12edd7efb"}
}
