TN:
SF:src/format.js
FN:3,(anonymous_0)
FN:7,(anonymous_1)
FNF:2
FNH:2
FNDA:1,(anonymous_0)
FNDA:6,(anonymous_1)
DA:4,1
DA:5,1
DA:6,1
DA:7,1
DA:8,6
DA:9,6
DA:12,1
LF:7
LH:7
BRDA:3,0,0,1
BRDA:6,1,0,1
BRDA:6,1,1,0
BRF:3
BRH:2
end_of_record
TN:
SF:src/getDifference.js
FN:4,(anonymous_0)
FN:13,(anonymous_1)
FNF:2
FNH:2
FNDA:1,(anonymous_0)
FNDA:5,(anonymous_1)
DA:5,1
DA:6,1
DA:8,1
DA:9,1
DA:10,1
DA:11,1
DA:13,1
DA:14,5
DA:15,4
DA:16,2
DA:17,2
DA:19,0
DA:22,1
LF:13
LH:12
BRDA:14,0,0,1
BRDA:14,0,1,4
BRDA:15,1,0,2
BRDA:15,1,1,2
BRDA:16,2,0,2
BRDA:16,2,1,0
BRDA:16,3,0,2
BRDA:16,3,1,2
BRDA:17,4,0,1
BRDA:17,4,1,1
BRF:10
BRH:9
end_of_record
TN:
SF:src/sub-function.js
FN:7,(anonymous_0)
FNF:1
FNH:1
FNDA:2,(anonymous_0)
DA:7,2
LF:1
LH:1
BRF:0
BRH:0
end_of_record
